<?xml version="1.0" encoding="UTF-8"?>
<testsuite name="com.example.project.TestDay1" tests="3" skipped="0" failures="0" errors="0" timestamp="2024-12-16T16:41:58" hostname="codespaces-ad964a" time="0.092">
  <properties/>
  <testcase name="testGenerateElfNameHasValidSuffix()" classname="com.example.project.TestDay1" time="0.072"/>
  <testcase name="testGenerateElfNameThrowsExceptionForEmptyName()" classname="com.example.project.TestDay1" time="0.007"/>
  <testcase name="testGenerateElfNameContainsName()" classname="com.example.project.TestDay1" time="0.001"/>
  <system-out><![CDATA[]]></system-out>
  <system-err><![CDATA[]]></system-err>
</testsuite>
